<?xml version="1.0" encoding="UTF-8"?>
<!-- Generated by org.testng.reporters.JUnitReportReporter -->
<testsuite hostname="DESKTOP-2GN6A96" name="com.eCRM.client.tests.eCRM01_LoginTests" tests="1" failures="0" timestamp="25 Sep 2019 09:06:49 GMT" time="0.469" errors="0">
  <testcase name="loginwithvalidCredentialsTest" time="0.469" classname="com.eCRM.client.tests.eCRM01_LoginTests"/>
</testsuite> <!-- com.eCRM.client.tests.eCRM01_LoginTests -->
