<?xml version="1.0" encoding="UTF-8"?>
<!-- Generated by org.testng.reporters.JUnitReportReporter -->
<testsuite skipped="0" hostname="abhisekp-w10lt" name="com.workbench.client.tests.wb01_ConfigurationTests" tests="1" failures="0" timestamp="23 Nov 2019 17:58:31 GMT" time="25.307" errors="0">
  <testcase name="initDataBase" time="25.307" classname="com.workbench.client.tests.wb01_ConfigurationTests"/>
</testsuite> <!-- com.workbench.client.tests.wb01_ConfigurationTests -->
