<?xml version="1.0" encoding="UTF-8"?>
<!-- Generated by org.testng.reporters.JUnitReportReporter -->
<testsuite hostname="DESKTOP-2GN6A96" name="com.eCRM.client.tests.eCRM10_CampaignTests" tests="6" failures="0" timestamp="25 Sep 2019 09:06:50 GMT" time="8.355" errors="0">
  <testcase name="verifyTheDifferentStatusOfCampaignTest" time="0.033" classname="com.eCRM.client.tests.eCRM10_CampaignTests"/>
  <testcase name="verifyTheCampaignIsCreatedTest" time="0.036" classname="com.eCRM.client.tests.eCRM10_CampaignTests"/>
  <testcase name="verifyTheDifferentTypeOfCampaignTest" time="0.033" classname="com.eCRM.client.tests.eCRM10_CampaignTests"/>
  <testcase name="verifyTheCampaignIsEditedTest" time="0.030" classname="com.eCRM.client.tests.eCRM10_CampaignTests"/>
  <testcase name="addCampaignTest" time="7.309" classname="com.eCRM.client.tests.eCRM10_CampaignTests"/>
  <testcase name="editCampaignTest" time="0.914" classname="com.eCRM.client.tests.eCRM10_CampaignTests"/>
</testsuite> <!-- com.eCRM.client.tests.eCRM10_CampaignTests -->
