<?xml version="1.0" encoding="UTF-8"?>
<!-- Generated by org.testng.reporters.JUnitReportReporter -->
<testsuite hostname="DESKTOP-2GN6A96" name="com.eCRM.client.tests.eCRM11_TemplateMaintenanceTests" tests="4" failures="0" timestamp="25 Sep 2019 09:06:49 GMT" time="22.950" errors="0">
  <testcase name="addTemplateTest" time="9.080" classname="com.eCRM.client.tests.eCRM11_TemplateMaintenanceTests"/>
  <testcase name="verifyTemplateIsAddedTest" time="3.487" classname="com.eCRM.client.tests.eCRM11_TemplateMaintenanceTests"/>
  <testcase name="editTemplateTest" time="6.710" classname="com.eCRM.client.tests.eCRM11_TemplateMaintenanceTests"/>
  <testcase name="verifyTemplateIsEditedTest" time="3.673" classname="com.eCRM.client.tests.eCRM11_TemplateMaintenanceTests"/>
</testsuite> <!-- com.eCRM.client.tests.eCRM11_TemplateMaintenanceTests -->
